<html>
<head>
<title>TestNG:  Default test</title>
<link href="../testng.css" rel="stylesheet" type="text/css" />
<link href="../my-testng.css" rel="stylesheet" type="text/css" />

<style type="text/css">
.log { display: none;} 
.stack-trace { display: none;} 
</style>
<script type="text/javascript">
<!--
function flip(e) {
  current = e.style.display;
  if (current == 'block') {
    e.style.display = 'none';
    return 0;
  }
  else {
    e.style.display = 'block';
    return 1;
  }
}

function toggleBox(szDivId, elem, msg1, msg2)
{
  var res = -1;  if (document.getElementById) {
    res = flip(document.getElementById(szDivId));
  }
  else if (document.all) {
    // this is the way old msie versions work
    res = flip(document.all[szDivId]);
  }
  if(elem) {
    if(res == 0) elem.innerHTML = msg1; else elem.innerHTML = msg2;
  }

}

function toggleAllBoxes() {
  if (document.getElementsByTagName) {
    d = document.getElementsByTagName('div');
    for (i = 0; i < d.length; i++) {
      if (d[i].className == 'log') {
        flip(d[i]);
      }
    }
  }
}

// -->
</script>

</head>
<body>
<h2 align='center'>Default test</h2><table border='1' align="center">
<tr>
<td>Tests passed/Failed/Skipped:</td><td>0/1/0</td>
</tr><tr>
<td>Started on:</td><td>Sat Sep 30 13:09:13 IST 2017</td>
</tr>
<tr><td>Total time:</td><td>47 seconds (47996 ms)</td>
</tr><tr>
<td>Included groups:</td><td></td>
</tr><tr>
<td>Excluded groups:</td><td></td>
</tr>
</table><p/>
<small><i>(Hover the method name to see the test class name)</i></small><p/>
<table width='100%' border='1' class='invocation-failed'>
<tr><td colspan='4' align='center'><b>FAILED TESTS</b></td></tr>
<tr><td><b>Test method</b></td>
<td width="30%"><b>Exception</b></td>
<td width="10%"><b>Time (seconds)</b></td>
<td><b>Instance</b></td>
</tr>
<tr>
<td title='com.scp.selenium.SeleniumSamples.PracticeFormTest.fillPracticeForm()'><b>fillPracticeForm</b><br>Test class: com.scp.selenium.SeleniumSamples.PracticeFormTest</td>
<td><div><pre>org.openqa.selenium.WebDriverException: Failed to connect to binary FirefoxBinary(C:\Program Files (x86)\Mozilla Firefox\firefox.exe) on port 7055; process output follows: 
*************************
A coding exception was thrown and uncaught in a Task.

Full message: TypeError: Services.logins is undefined
Full stack: LoginManagerParent.updateLoginAnchor&lt;@resource://gre/modules/LoginManagerParent.jsm:610:5
TaskImpl_run@resource://gre/modules/Task.jsm:315:40
TaskImpl@resource://gre/modules/Task.jsm:276:3
createAsyncFunction/asyncFunction@resource://gre/modules/Task.jsm:250:14
updateLoginFormPresence/state.anchorDeferredTask&lt;@resource://gre/modules/LoginManagerParent.jsm:598:15
createAsyncFunction/asyncFunction@resource://gre/modules/Task.jsm:239:18
Task_spawn@resource://gre/modules/Task.jsm:164:12
this.DeferredTask.prototype._timerCallback/&lt;@resource://gre/modules/DeferredTask.jsm:282:13
TaskImpl_run@resource://gre/modules/Task.jsm:315:40
TaskImpl@resource://gre/modules/Task.jsm:276:3
createAsyncFunction/asyncFunction@resource://gre/modules/Task.jsm:250:14
Task_spawn@resource://gre/modules/Task.jsm:164:12
this.DeferredTask.prototype._timerCallback@resource://gre/modules/DeferredTask.jsm:280:29
openModalWindow@resource://gre/components/nsPrompter.js:360:5
ModalPrompter.prototype.openPrompt@resource://gre/components/nsPrompter.js:550:9
ModalPrompter.prototype.confirmEx@resource://gre/components/nsPrompter.js:694:9
Prompter.prototype.confirmEx@resource://gre/components/nsPrompter.js:79:16
DefaultBrowserCheck.prompt@resource://app/components/nsBrowserGlue.js:2958:16
BG__onWindowsRestored/&lt;@resource://app/components/nsBrowserGlue.js:1257:11

*************************
*************************
A coding exception was thrown and uncaught in a Task.

Full message: TypeError: Services.logins is undefined
Full stack: LoginManagerParent.updateLoginAnchor&lt;@resource://gre/modules/LoginManagerParent.jsm:610:5
TaskImpl_run@resource://gre/modules/Task.jsm:315:40
TaskImpl@resource://gre/modules/Task.jsm:276:3
createAsyncFunction/asyncFunction@resource://gre/modules/Task.jsm:250:14
updateLoginFormPresence/state.anchorDeferredTask&lt;@resource://gre/modules/LoginManagerParent.jsm:598:15
createAsyncFunction/asyncFunction@resource://gre/modules/Task.jsm:239:18
Task_spawn@resource://gre/modules/Task.jsm:164:12
this.DeferredTask.prototype._timerCallback/&lt;@resource://gre/modules/DeferredTask.jsm:282:13
TaskImpl_run@resource://gre/modules/Task.jsm:315:40
TaskImpl@resource://gre/modules/Task.jsm:276:3
createAsyncFunction/asyncFunction@resource://gre/modules/Task.jsm:250:14
Task_spawn@resource://gre/modules/Task.jsm:164:12
this.DeferredTask.prototype._timerCallback@resource://gre/modules/DeferredTask.jsm:280:29

*************************

Build info: version: &apos;2.53.1&apos;, revision: &apos;a36b8b1cd5757287168e54b817830adce9b0158d&apos;, time: &apos;2016-06-30 19:26:09&apos;
System info: host: &apos;DESKTOP-0KDP1L5&apos;, ip: &apos;192.168.43.27&apos;, os.name: &apos;Windows 10&apos;, os.arch: &apos;amd64&apos;, os.version: &apos;10.0&apos;, java.version: &apos;1.8.0_144&apos;
Driver info: driver.version: FirefoxDriver
	at org.openqa.selenium.firefox.internal.NewProfileExtensionConnection.start(NewProfileExtensionConnection.java:125)
	at org.openqa.selenium.firefox.FirefoxDriver.startClient(FirefoxDriver.java:271)
	at org.openqa.selenium.remote.RemoteWebDriver.&lt;init&gt;(RemoteWebDriver.java:119)
	at org.openqa.selenium.firefox.FirefoxDriver.&lt;init&gt;(FirefoxDriver.java:216)
	at org.openqa.selenium.firefox.FirefoxDriver.&lt;init&gt;(FirefoxDriver.java:211)
	at org.openqa.selenium.firefox.FirefoxDriver.&lt;init&gt;(FirefoxDriver.java:207)
	at org.openqa.selenium.firefox.FirefoxDriver.&lt;init&gt;(FirefoxDriver.java:120)
	at com.scp.utilities.GenericMethods.initilizeWebDriver(GenericMethods.java:28)
	at com.scp.selenium.SeleniumSamples.PracticeFormTest.fillPracticeForm(PracticeFormTest.java:22)
	at sun.reflect.NativeMethodAccessorImpl.invoke0(Native Method)
	at sun.reflect.NativeMethodAccessorImpl.invoke(NativeMethodAccessorImpl.java:62)
	at sun.reflect.DelegatingMethodAccessorImpl.invoke(DelegatingMethodAccessorImpl.java:43)
	at java.lang.reflect.Method.invoke(Method.java:498)
	at org.testng.internal.MethodInvocationHelper.invokeMethod(MethodInvocationHelper.java:86)
	at org.testng.internal.Invoker.invokeMethod(Invoker.java:643)
	at org.testng.internal.Invoker.invokeTestMethod(Invoker.java:820)
	at org.testng.internal.Invoker.invokeTestMethods(Invoker.java:1128)
	at org.testng.internal.TestMethodWorker.invokeTestMethods(TestMethodWorker.java:129)
	at org.testng.internal.TestMethodWorker.run(TestMethodWorker.java:112)
	at org.testng.TestRunner.privateRun(TestRunner.java:782)
	at org.testng.TestRunner.run(TestRunner.java:632)
	at org.testng.SuiteRunner.runTest(SuiteRunner.java:366)
	at org.testng.SuiteRunner.runSequentially(SuiteRunner.java:361)
	at org.testng.SuiteRunner.privateRun(SuiteRunner.java:319)
	at org.testng.SuiteRunner.run(SuiteRunner.java:268)
	at org.testng.SuiteRunnerWorker.runSuite(SuiteRunnerWorker.java:52)
	at org.testng.SuiteRunnerWorker.run(SuiteRunnerWorker.java:86)
	at org.testng.TestNG.runSuitesSequentially(TestNG.java:1244)
	at org.testng.TestNG.runSuitesLocally(TestNG.java:1169)
	at org.testng.TestNG.run(TestNG.java:1064)
	at org.testng.remote.AbstractRemoteTestNG.run(AbstractRemoteTestNG.java:126)
	at org.testng.remote.RemoteTestNG.initAndRun(RemoteTestNG.java:152)
	at org.testng.remote.RemoteTestNG.main(RemoteTestNG.java:57)
Caused by: org.openqa.selenium.firefox.NotConnectedException: Unable to connect to host 127.0.0.1 on port 7055 after 45000 ms. Firefox console output:
*************************
A coding exception was thrown and uncaught in a Task.

Full message: TypeError: Services.logins is undefined
Full stack: LoginManagerParent.updateLoginAnchor&lt;@resource://gre/modules/LoginManagerParent.jsm:610:5
TaskImpl_run@resource://gre/modules/Task.jsm:315:40
TaskImpl@resource://gre/modules/Task.jsm:276:3
createAsyncFunction/asyncFunction@resource://gre/modules/Task.jsm:250:14
updateLoginFormPresence/state.anchorDeferredTask&lt;@resource://gre/modules/LoginManagerParent.jsm:598:15
createAsyncFunction/asyncFunction@resource://gre/modules/Task.jsm:239:18
Task_spawn@resource://gre/modules/Task.jsm:164:12
this.DeferredTask.prototype._timerCallback/&lt;@resource://gre/modules/DeferredTask.jsm:282:13
TaskImpl_run@resource://gre/modules/Task.jsm:315:40
TaskImpl@resource://gre/modules/Task.jsm:276:3
createAsyncFunction/asyncFunction@resource://gre/modules/Task.jsm:250:14
Task_spawn@resource://gre/modules/Task.jsm:164:12
this.DeferredTask.prototype._timerCallback@resource://gre/modules/DeferredTask.jsm:280:29
openModalWindow@resource://gre/components/nsPrompter.js:360:5
ModalPrompter.prototype.openPrompt@resource://gre/components/nsPrompter.js:550:9
ModalPrompter.prototype.confirmEx@resource://gre/components/nsPrompter.js:694:9
Prompter.prototype.confirmEx@resource://gre/components/nsPrompter.js:79:16
DefaultBrowserCheck.prompt@resource://app/components/nsBrowserGlue.js:2958:16
BG__onWindowsRestored/&lt;@resource://app/components/nsBrowserGlue.js:1257:11

*************************
*************************
A coding exception was thrown and uncaught in a Task.

Full message: TypeError: Services.logins is undefined
Full stack: LoginManagerParent.updateLoginAnchor&lt;@resource://gre/modules/LoginManagerParent.jsm:610:5
TaskImpl_run@resource://gre/modules/Task.jsm:315:40
TaskImpl@resource://gre/modules/Task.jsm:276:3
createAsyncFunction/asyncFunction@resource://gre/modules/Task.jsm:250:14
updateLoginFormPresence/state.anchorDeferredTask&lt;@resource://gre/modules/LoginManagerParent.jsm:598:15
createAsyncFunction/asyncFunction@resource://gre/modules/Task.jsm:239:18
Task_spawn@resource://gre/modules/Task.jsm:164:12
this.DeferredTask.prototype._timerCallback/&lt;@resource://gre/modules/DeferredTask.jsm:282:13
TaskImpl_run@resource://gre/modules/Task.jsm:315:40
TaskImpl@resource://gre/modules/Task.jsm:276:3
createAsyncFunction/asyncFunction@resource://gre/modules/Task.jsm:250:14
Task_spawn@resource://gre/modules/Task.jsm:164:12
this.DeferredTask.prototype._timerCallback@resource://gre/modules/DeferredTask.jsm:280:29

*************************

	at org.openqa.selenium.firefox.internal.NewProfileExtensionConnection.start(NewProfileExtensionConnection.java:113)
	... 32 more
</pre></div><a href='#' onClick='toggleBox("stack-trace997033037", this, "Click to show all stack frames", "Click to hide stack frames")'>Click to show all stack frames</a>
<div class='stack-trace' id='stack-trace997033037'><pre>org.openqa.selenium.WebDriverException: Failed to connect to binary FirefoxBinary(C:\Program Files (x86)\Mozilla Firefox\firefox.exe) on port 7055; process output follows: 
*************************
A coding exception was thrown and uncaught in a Task.

Full message: TypeError: Services.logins is undefined
Full stack: LoginManagerParent.updateLoginAnchor&lt;@resource://gre/modules/LoginManagerParent.jsm:610:5
TaskImpl_run@resource://gre/modules/Task.jsm:315:40
TaskImpl@resource://gre/modules/Task.jsm:276:3
createAsyncFunction/asyncFunction@resource://gre/modules/Task.jsm:250:14
updateLoginFormPresence/state.anchorDeferredTask&lt;@resource://gre/modules/LoginManagerParent.jsm:598:15
createAsyncFunction/asyncFunction@resource://gre/modules/Task.jsm:239:18
Task_spawn@resource://gre/modules/Task.jsm:164:12
this.DeferredTask.prototype._timerCallback/&lt;@resource://gre/modules/DeferredTask.jsm:282:13
TaskImpl_run@resource://gre/modules/Task.jsm:315:40
TaskImpl@resource://gre/modules/Task.jsm:276:3
createAsyncFunction/asyncFunction@resource://gre/modules/Task.jsm:250:14
Task_spawn@resource://gre/modules/Task.jsm:164:12
this.DeferredTask.prototype._timerCallback@resource://gre/modules/DeferredTask.jsm:280:29
openModalWindow@resource://gre/components/nsPrompter.js:360:5
ModalPrompter.prototype.openPrompt@resource://gre/components/nsPrompter.js:550:9
ModalPrompter.prototype.confirmEx@resource://gre/components/nsPrompter.js:694:9
Prompter.prototype.confirmEx@resource://gre/components/nsPrompter.js:79:16
DefaultBrowserCheck.prompt@resource://app/components/nsBrowserGlue.js:2958:16
BG__onWindowsRestored/&lt;@resource://app/components/nsBrowserGlue.js:1257:11

*************************
*************************
A coding exception was thrown and uncaught in a Task.

Full message: TypeError: Services.logins is undefined
Full stack: LoginManagerParent.updateLoginAnchor&lt;@resource://gre/modules/LoginManagerParent.jsm:610:5
TaskImpl_run@resource://gre/modules/Task.jsm:315:40
TaskImpl@resource://gre/modules/Task.jsm:276:3
createAsyncFunction/asyncFunction@resource://gre/modules/Task.jsm:250:14
updateLoginFormPresence/state.anchorDeferredTask&lt;@resource://gre/modules/LoginManagerParent.jsm:598:15
createAsyncFunction/asyncFunction@resource://gre/modules/Task.jsm:239:18
Task_spawn@resource://gre/modules/Task.jsm:164:12
this.DeferredTask.prototype._timerCallback/&lt;@resource://gre/modules/DeferredTask.jsm:282:13
TaskImpl_run@resource://gre/modules/Task.jsm:315:40
TaskImpl@resource://gre/modules/Task.jsm:276:3
createAsyncFunction/asyncFunction@resource://gre/modules/Task.jsm:250:14
Task_spawn@resource://gre/modules/Task.jsm:164:12
this.DeferredTask.prototype._timerCallback@resource://gre/modules/DeferredTask.jsm:280:29

*************************

Build info: version: &apos;2.53.1&apos;, revision: &apos;a36b8b1cd5757287168e54b817830adce9b0158d&apos;, time: &apos;2016-06-30 19:26:09&apos;
System info: host: &apos;DESKTOP-0KDP1L5&apos;, ip: &apos;192.168.43.27&apos;, os.name: &apos;Windows 10&apos;, os.arch: &apos;amd64&apos;, os.version: &apos;10.0&apos;, java.version: &apos;1.8.0_144&apos;
Driver info: driver.version: FirefoxDriver
	at org.openqa.selenium.firefox.internal.NewProfileExtensionConnection.start(NewProfileExtensionConnection.java:125)
	at org.openqa.selenium.firefox.FirefoxDriver.startClient(FirefoxDriver.java:271)
	at org.openqa.selenium.remote.RemoteWebDriver.&lt;init&gt;(RemoteWebDriver.java:119)
	at org.openqa.selenium.firefox.FirefoxDriver.&lt;init&gt;(FirefoxDriver.java:216)
	at org.openqa.selenium.firefox.FirefoxDriver.&lt;init&gt;(FirefoxDriver.java:211)
	at org.openqa.selenium.firefox.FirefoxDriver.&lt;init&gt;(FirefoxDriver.java:207)
	at org.openqa.selenium.firefox.FirefoxDriver.&lt;init&gt;(FirefoxDriver.java:120)
	at com.scp.utilities.GenericMethods.initilizeWebDriver(GenericMethods.java:28)
	at com.scp.selenium.SeleniumSamples.PracticeFormTest.fillPracticeForm(PracticeFormTest.java:22)
	at sun.reflect.NativeMethodAccessorImpl.invoke0(Native Method)
	at sun.reflect.NativeMethodAccessorImpl.invoke(NativeMethodAccessorImpl.java:62)
	at sun.reflect.DelegatingMethodAccessorImpl.invoke(DelegatingMethodAccessorImpl.java:43)
	at java.lang.reflect.Method.invoke(Method.java:498)
	at org.testng.internal.MethodInvocationHelper.invokeMethod(MethodInvocationHelper.java:86)
	at org.testng.internal.Invoker.invokeMethod(Invoker.java:643)
	at org.testng.internal.Invoker.invokeTestMethod(Invoker.java:820)
	at org.testng.internal.Invoker.invokeTestMethods(Invoker.java:1128)
	at org.testng.internal.TestMethodWorker.invokeTestMethods(TestMethodWorker.java:129)
	at org.testng.internal.TestMethodWorker.run(TestMethodWorker.java:112)
	at org.testng.TestRunner.privateRun(TestRunner.java:782)
	at org.testng.TestRunner.run(TestRunner.java:632)
	at org.testng.SuiteRunner.runTest(SuiteRunner.java:366)
	at org.testng.SuiteRunner.runSequentially(SuiteRunner.java:361)
	at org.testng.SuiteRunner.privateRun(SuiteRunner.java:319)
	at org.testng.SuiteRunner.run(SuiteRunner.java:268)
	at org.testng.SuiteRunnerWorker.runSuite(SuiteRunnerWorker.java:52)
	at org.testng.SuiteRunnerWorker.run(SuiteRunnerWorker.java:86)
	at org.testng.TestNG.runSuitesSequentially(TestNG.java:1244)
	at org.testng.TestNG.runSuitesLocally(TestNG.java:1169)
	at org.testng.TestNG.run(TestNG.java:1064)
	at org.testng.remote.AbstractRemoteTestNG.run(AbstractRemoteTestNG.java:126)
	at org.testng.remote.RemoteTestNG.initAndRun(RemoteTestNG.java:152)
	at org.testng.remote.RemoteTestNG.main(RemoteTestNG.java:57)
Caused by: org.openqa.selenium.firefox.NotConnectedException: Unable to connect to host 127.0.0.1 on port 7055 after 45000 ms. Firefox console output:
*************************
A coding exception was thrown and uncaught in a Task.

Full message: TypeError: Services.logins is undefined
Full stack: LoginManagerParent.updateLoginAnchor&lt;@resource://gre/modules/LoginManagerParent.jsm:610:5
TaskImpl_run@resource://gre/modules/Task.jsm:315:40
TaskImpl@resource://gre/modules/Task.jsm:276:3
createAsyncFunction/asyncFunction@resource://gre/modules/Task.jsm:250:14
updateLoginFormPresence/state.anchorDeferredTask&lt;@resource://gre/modules/LoginManagerParent.jsm:598:15
createAsyncFunction/asyncFunction@resource://gre/modules/Task.jsm:239:18
Task_spawn@resource://gre/modules/Task.jsm:164:12
this.DeferredTask.prototype._timerCallback/&lt;@resource://gre/modules/DeferredTask.jsm:282:13
TaskImpl_run@resource://gre/modules/Task.jsm:315:40
TaskImpl@resource://gre/modules/Task.jsm:276:3
createAsyncFunction/asyncFunction@resource://gre/modules/Task.jsm:250:14
Task_spawn@resource://gre/modules/Task.jsm:164:12
this.DeferredTask.prototype._timerCallback@resource://gre/modules/DeferredTask.jsm:280:29
openModalWindow@resource://gre/components/nsPrompter.js:360:5
ModalPrompter.prototype.openPrompt@resource://gre/components/nsPrompter.js:550:9
ModalPrompter.prototype.confirmEx@resource://gre/components/nsPrompter.js:694:9
Prompter.prototype.confirmEx@resource://gre/components/nsPrompter.js:79:16
DefaultBrowserCheck.prompt@resource://app/components/nsBrowserGlue.js:2958:16
BG__onWindowsRestored/&lt;@resource://app/components/nsBrowserGlue.js:1257:11

*************************
*************************
A coding exception was thrown and uncaught in a Task.

Full message: TypeError: Services.logins is undefined
Full stack: LoginManagerParent.updateLoginAnchor&lt;@resource://gre/modules/LoginManagerParent.jsm:610:5
TaskImpl_run@resource://gre/modules/Task.jsm:315:40
TaskImpl@resource://gre/modules/Task.jsm:276:3
createAsyncFunction/asyncFunction@resource://gre/modules/Task.jsm:250:14
updateLoginFormPresence/state.anchorDeferredTask&lt;@resource://gre/modules/LoginManagerParent.jsm:598:15
createAsyncFunction/asyncFunction@resource://gre/modules/Task.jsm:239:18
Task_spawn@resource://gre/modules/Task.jsm:164:12
this.DeferredTask.prototype._timerCallback/&lt;@resource://gre/modules/DeferredTask.jsm:282:13
TaskImpl_run@resource://gre/modules/Task.jsm:315:40
TaskImpl@resource://gre/modules/Task.jsm:276:3
createAsyncFunction/asyncFunction@resource://gre/modules/Task.jsm:250:14
Task_spawn@resource://gre/modules/Task.jsm:164:12
this.DeferredTask.prototype._timerCallback@resource://gre/modules/DeferredTask.jsm:280:29

*************************

	at org.openqa.selenium.firefox.internal.NewProfileExtensionConnection.start(NewProfileExtensionConnection.java:113)
	... 32 more
</pre></div></td>
<td>47</td>
<td>com.scp.selenium.SeleniumSamples.PracticeFormTest@cc285f4</td></tr>
</table><p>
</body>
</html>