<!DOCTYPE html PUBLIC "-//W3C//DTD XHTML 1.1//EN" "http://www.w3.org/TR/xhtml11/DTD/xhtml11.dtd">
<html xmlns="http://www.w3.org/1999/xhtml"><head><title>TestNG Report</title><style type="text/css">table {margin-bottom:10px;border-collapse:collapse;empty-cells:show}th,td {border:1px solid #009;padding:.25em .5em}th {vertical-align:bottom}td {vertical-align:top}table a {font-weight:bold}.stripe td {background-color: #E6EBF9}.num {text-align:right}.passedodd td {background-color: #3F3}.passedeven td {background-color: #0A0}.skippedodd td {background-color: #DDD}.skippedeven td {background-color: #CCC}.failedodd td,.attn {background-color: #F33}.failedeven td,.stripe .attn {background-color: #D00}.stacktrace {white-space:pre;font-family:monospace}.totop {font-size:85%;text-align:center;border-bottom:2px solid #000}</style></head><body><table><tr><th>Test</th><th># Passed</th><th># Skipped</th><th># Failed</th><th>Time (ms)</th><th>Included Groups</th><th>Excluded Groups</th></tr><tr><th colspan="7">Default suite</th></tr><tr><td><a href="#t0">Default test</a></td><td class="num">0</td><td class="num">0</td><td class="num attn">1</td><td class="num">47,996</td><td></td><td></td></tr></table><table><thead><tr><th>Class</th><th>Method</th><th>Start</th><th>Time (ms)</th></tr></thead><tbody><tr><th colspan="4">Default suite</th></tr></tbody><tbody id="t0"><tr><th colspan="4">Default test &#8212; failed</th></tr><tr class="failedeven"><td rowspan="1">com.scp.selenium.SeleniumSamples.PracticeFormTest</td><td><a href="#m0">fillPracticeForm</a></td><td rowspan="1">1506757153676</td><td rowspan="1">47944</td></tr></tbody></table><h2>Default test</h2><h3 id="m0">com.scp.selenium.SeleniumSamples.PracticeFormTest#fillPracticeForm</h3><table class="result"><tr><th>Exception</th></tr><tr><td><div class="stacktrace">org.openqa.selenium.WebDriverException: Failed to connect to binary FirefoxBinary(C:\Program Files (x86)\Mozilla Firefox\firefox.exe) on port 7055; process output follows: 
*************************
A coding exception was thrown and uncaught in a Task.

Full message: TypeError: Services.logins is undefined
Full stack: LoginManagerParent.updateLoginAnchor&lt;@resource://gre/modules/LoginManagerParent.jsm:610:5
TaskImpl_run@resource://gre/modules/Task.jsm:315:40
TaskImpl@resource://gre/modules/Task.jsm:276:3
createAsyncFunction/asyncFunction@resource://gre/modules/Task.jsm:250:14
updateLoginFormPresence/state.anchorDeferredTask&lt;@resource://gre/modules/LoginManagerParent.jsm:598:15
createAsyncFunction/asyncFunction@resource://gre/modules/Task.jsm:239:18
Task_spawn@resource://gre/modules/Task.jsm:164:12
this.DeferredTask.prototype._timerCallback/&lt;@resource://gre/modules/DeferredTask.jsm:282:13
TaskImpl_run@resource://gre/modules/Task.jsm:315:40
TaskImpl@resource://gre/modules/Task.jsm:276:3
createAsyncFunction/asyncFunction@resource://gre/modules/Task.jsm:250:14
Task_spawn@resource://gre/modules/Task.jsm:164:12
this.DeferredTask.prototype._timerCallback@resource://gre/modules/DeferredTask.jsm:280:29
openModalWindow@resource://gre/components/nsPrompter.js:360:5
ModalPrompter.prototype.openPrompt@resource://gre/components/nsPrompter.js:550:9
ModalPrompter.prototype.confirmEx@resource://gre/components/nsPrompter.js:694:9
Prompter.prototype.confirmEx@resource://gre/components/nsPrompter.js:79:16
DefaultBrowserCheck.prompt@resource://app/components/nsBrowserGlue.js:2958:16
BG__onWindowsRestored/&lt;@resource://app/components/nsBrowserGlue.js:1257:11

*************************
*************************
A coding exception was thrown and uncaught in a Task.

Full message: TypeError: Services.logins is undefined
Full stack: LoginManagerParent.updateLoginAnchor&lt;@resource://gre/modules/LoginManagerParent.jsm:610:5
TaskImpl_run@resource://gre/modules/Task.jsm:315:40
TaskImpl@resource://gre/modules/Task.jsm:276:3
createAsyncFunction/asyncFunction@resource://gre/modules/Task.jsm:250:14
updateLoginFormPresence/state.anchorDeferredTask&lt;@resource://gre/modules/LoginManagerParent.jsm:598:15
createAsyncFunction/asyncFunction@resource://gre/modules/Task.jsm:239:18
Task_spawn@resource://gre/modules/Task.jsm:164:12
this.DeferredTask.prototype._timerCallback/&lt;@resource://gre/modules/DeferredTask.jsm:282:13
TaskImpl_run@resource://gre/modules/Task.jsm:315:40
TaskImpl@resource://gre/modules/Task.jsm:276:3
createAsyncFunction/asyncFunction@resource://gre/modules/Task.jsm:250:14
Task_spawn@resource://gre/modules/Task.jsm:164:12
this.DeferredTask.prototype._timerCallback@resource://gre/modules/DeferredTask.jsm:280:29

*************************

Build info: version: &apos;2.53.1&apos;, revision: &apos;a36b8b1cd5757287168e54b817830adce9b0158d&apos;, time: &apos;2016-06-30 19:26:09&apos;
System info: host: &apos;DESKTOP-0KDP1L5&apos;, ip: &apos;192.168.43.27&apos;, os.name: &apos;Windows 10&apos;, os.arch: &apos;amd64&apos;, os.version: &apos;10.0&apos;, java.version: &apos;1.8.0_144&apos;
Driver info: driver.version: FirefoxDriver
	at org.openqa.selenium.firefox.internal.NewProfileExtensionConnection.start(NewProfileExtensionConnection.java:125)
	at org.openqa.selenium.firefox.FirefoxDriver.startClient(FirefoxDriver.java:271)
	at org.openqa.selenium.remote.RemoteWebDriver.&lt;init&gt;(RemoteWebDriver.java:119)
	at org.openqa.selenium.firefox.FirefoxDriver.&lt;init&gt;(FirefoxDriver.java:216)
	at org.openqa.selenium.firefox.FirefoxDriver.&lt;init&gt;(FirefoxDriver.java:211)
	at org.openqa.selenium.firefox.FirefoxDriver.&lt;init&gt;(FirefoxDriver.java:207)
	at org.openqa.selenium.firefox.FirefoxDriver.&lt;init&gt;(FirefoxDriver.java:120)
	at com.scp.utilities.GenericMethods.initilizeWebDriver(GenericMethods.java:28)
	at com.scp.selenium.SeleniumSamples.PracticeFormTest.fillPracticeForm(PracticeFormTest.java:22)
	at sun.reflect.NativeMethodAccessorImpl.invoke0(Native Method)
	at sun.reflect.NativeMethodAccessorImpl.invoke(NativeMethodAccessorImpl.java:62)
	at sun.reflect.DelegatingMethodAccessorImpl.invoke(DelegatingMethodAccessorImpl.java:43)
	at java.lang.reflect.Method.invoke(Method.java:498)
	at org.testng.internal.MethodInvocationHelper.invokeMethod(MethodInvocationHelper.java:86)
	at org.testng.internal.Invoker.invokeMethod(Invoker.java:643)
	at org.testng.internal.Invoker.invokeTestMethod(Invoker.java:820)
	at org.testng.internal.Invoker.invokeTestMethods(Invoker.java:1128)
	at org.testng.internal.TestMethodWorker.invokeTestMethods(TestMethodWorker.java:129)
	at org.testng.internal.TestMethodWorker.run(TestMethodWorker.java:112)
	at org.testng.TestRunner.privateRun(TestRunner.java:782)
	at org.testng.TestRunner.run(TestRunner.java:632)
	at org.testng.SuiteRunner.runTest(SuiteRunner.java:366)
	at org.testng.SuiteRunner.runSequentially(SuiteRunner.java:361)
	at org.testng.SuiteRunner.privateRun(SuiteRunner.java:319)
	at org.testng.SuiteRunner.run(SuiteRunner.java:268)
	at org.testng.SuiteRunnerWorker.runSuite(SuiteRunnerWorker.java:52)
	at org.testng.SuiteRunnerWorker.run(SuiteRunnerWorker.java:86)
	at org.testng.TestNG.runSuitesSequentially(TestNG.java:1244)
	at org.testng.TestNG.runSuitesLocally(TestNG.java:1169)
	at org.testng.TestNG.run(TestNG.java:1064)
	at org.testng.remote.AbstractRemoteTestNG.run(AbstractRemoteTestNG.java:126)
	at org.testng.remote.RemoteTestNG.initAndRun(RemoteTestNG.java:152)
	at org.testng.remote.RemoteTestNG.main(RemoteTestNG.java:57)
Caused by: org.openqa.selenium.firefox.NotConnectedException: Unable to connect to host 127.0.0.1 on port 7055 after 45000 ms. Firefox console output:
*************************
A coding exception was thrown and uncaught in a Task.

Full message: TypeError: Services.logins is undefined
Full stack: LoginManagerParent.updateLoginAnchor&lt;@resource://gre/modules/LoginManagerParent.jsm:610:5
TaskImpl_run@resource://gre/modules/Task.jsm:315:40
TaskImpl@resource://gre/modules/Task.jsm:276:3
createAsyncFunction/asyncFunction@resource://gre/modules/Task.jsm:250:14
updateLoginFormPresence/state.anchorDeferredTask&lt;@resource://gre/modules/LoginManagerParent.jsm:598:15
createAsyncFunction/asyncFunction@resource://gre/modules/Task.jsm:239:18
Task_spawn@resource://gre/modules/Task.jsm:164:12
this.DeferredTask.prototype._timerCallback/&lt;@resource://gre/modules/DeferredTask.jsm:282:13
TaskImpl_run@resource://gre/modules/Task.jsm:315:40
TaskImpl@resource://gre/modules/Task.jsm:276:3
createAsyncFunction/asyncFunction@resource://gre/modules/Task.jsm:250:14
Task_spawn@resource://gre/modules/Task.jsm:164:12
this.DeferredTask.prototype._timerCallback@resource://gre/modules/DeferredTask.jsm:280:29
openModalWindow@resource://gre/components/nsPrompter.js:360:5
ModalPrompter.prototype.openPrompt@resource://gre/components/nsPrompter.js:550:9
ModalPrompter.prototype.confirmEx@resource://gre/components/nsPrompter.js:694:9
Prompter.prototype.confirmEx@resource://gre/components/nsPrompter.js:79:16
DefaultBrowserCheck.prompt@resource://app/components/nsBrowserGlue.js:2958:16
BG__onWindowsRestored/&lt;@resource://app/components/nsBrowserGlue.js:1257:11

*************************
*************************
A coding exception was thrown and uncaught in a Task.

Full message: TypeError: Services.logins is undefined
Full stack: LoginManagerParent.updateLoginAnchor&lt;@resource://gre/modules/LoginManagerParent.jsm:610:5
TaskImpl_run@resource://gre/modules/Task.jsm:315:40
TaskImpl@resource://gre/modules/Task.jsm:276:3
createAsyncFunction/asyncFunction@resource://gre/modules/Task.jsm:250:14
updateLoginFormPresence/state.anchorDeferredTask&lt;@resource://gre/modules/LoginManagerParent.jsm:598:15
createAsyncFunction/asyncFunction@resource://gre/modules/Task.jsm:239:18
Task_spawn@resource://gre/modules/Task.jsm:164:12
this.DeferredTask.prototype._timerCallback/&lt;@resource://gre/modules/DeferredTask.jsm:282:13
TaskImpl_run@resource://gre/modules/Task.jsm:315:40
TaskImpl@resource://gre/modules/Task.jsm:276:3
createAsyncFunction/asyncFunction@resource://gre/modules/Task.jsm:250:14
Task_spawn@resource://gre/modules/Task.jsm:164:12
this.DeferredTask.prototype._timerCallback@resource://gre/modules/DeferredTask.jsm:280:29

*************************

	at org.openqa.selenium.firefox.internal.NewProfileExtensionConnection.start(NewProfileExtensionConnection.java:113)
	... 32 more
</div></td></tr></table><p class="totop"><a href="#summary">back to summary</a></p></body></html>