<?xml version="1.0" encoding="UTF-8"?>
<!-- Generated by org.testng.reporters.JUnitReportReporter -->
<testsuite hostname="DESKTOP-0KDP1L5" name="com.scp.selenium.SeleniumSamples.PracticeFormTest" tests="1" failures="0" timestamp="30 Sep 2017 07:40:01 GMT" time="47.944" errors="1">
  <testcase name="fillPracticeForm" time="47.944" classname="com.scp.selenium.SeleniumSamples.PracticeFormTest">
    <error type="org.openqa.selenium.WebDriverException" message="Failed to connect to binary FirefoxBinary(C:\Program Files (x86)\Mozilla Firefox\firefox.exe) on port 7055; process output follows: 
*************************
A coding exception was thrown and uncaught in a Task.

Full message: TypeError: Services.logins is undefined
Full stack: LoginManagerParent.updateLoginAnchor&lt;@resource://gre/modules/LoginManagerParent.jsm:610:5
TaskImpl_run@resource://gre/modules/Task.jsm:315:40
TaskImpl@resource://gre/modules/Task.jsm:276:3
createAsyncFunction/asyncFunction@resource://gre/modules/Task.jsm:250:14
updateLoginFormPresence/state.anchorDeferredTask&lt;@resource://gre/modules/LoginManagerParent.jsm:598:15
createAsyncFunction/asyncFunction@resource://gre/modules/Task.jsm:239:18
Task_spawn@resource://gre/modules/Task.jsm:164:12
this.DeferredTask.prototype._timerCallback/&lt;@resource://gre/modules/DeferredTask.jsm:282:13
TaskImpl_run@resource://gre/modules/Task.jsm:315:40
TaskImpl@resource://gre/modules/Task.jsm:276:3
createAsyncFunction/asyncFunction@resource://gre/modules/Task.jsm:250:14
Task_spawn@resource://gre/modules/Task.jsm:164:12
this.DeferredTask.prototype._timerCallback@resource://gre/modules/DeferredTask.jsm:280:29
openModalWindow@resource://gre/components/nsPrompter.js:360:5
ModalPrompter.prototype.openPrompt@resource://gre/components/nsPrompter.js:550:9
ModalPrompter.prototype.confirmEx@resource://gre/components/nsPrompter.js:694:9
Prompter.prototype.confirmEx@resource://gre/components/nsPrompter.js:79:16
DefaultBrowserCheck.prompt@resource://app/components/nsBrowserGlue.js:2958:16
BG__onWindowsRestored/&lt;@resource://app/components/nsBrowserGlue.js:1257:11

*************************
*************************
A coding exception was thrown and uncaught in a Task.

Full message: TypeError: Services.logins is undefined
Full stack: LoginManagerParent.updateLoginAnchor&lt;@resource://gre/modules/LoginManagerParent.jsm:610:5
TaskImpl_run@resource://gre/modules/Task.jsm:315:40
TaskImpl@resource://gre/modules/Task.jsm:276:3
createAsyncFunction/asyncFunction@resource://gre/modules/Task.jsm:250:14
updateLoginFormPresence/state.anchorDeferredTask&lt;@resource://gre/modules/LoginManagerParent.jsm:598:15
createAsyncFunction/asyncFunction@resource://gre/modules/Task.jsm:239:18
Task_spawn@resource://gre/modules/Task.jsm:164:12
this.DeferredTask.prototype._timerCallback/&lt;@resource://gre/modules/DeferredTask.jsm:282:13
TaskImpl_run@resource://gre/modules/Task.jsm:315:40
TaskImpl@resource://gre/modules/Task.jsm:276:3
createAsyncFunction/asyncFunction@resource://gre/modules/Task.jsm:250:14
Task_spawn@resource://gre/modules/Task.jsm:164:12
this.DeferredTask.prototype._timerCallback@resource://gre/modules/DeferredTask.jsm:280:29

*************************

Build info: version: &#039;2.53.1&#039;, revision: &#039;a36b8b1cd5757287168e54b817830adce9b0158d&#039;, time: &#039;2016-06-30 19:26:09&#039;
System info: host: &#039;DESKTOP-0KDP1L5&#039;, ip: &#039;192.168.43.27&#039;, os.name: &#039;Windows 10&#039;, os.arch: &#039;amd64&#039;, os.version: &#039;10.0&#039;, java.version: &#039;1.8.0_144&#039;
Driver info: driver.version: FirefoxDriver">
      <![CDATA[org.openqa.selenium.WebDriverException: Failed to connect to binary FirefoxBinary(C:\Program Files (x86)\Mozilla Firefox\firefox.exe) on port 7055; process output follows: 
*************************
A coding exception was thrown and uncaught in a Task.

Full message: TypeError: Services.logins is undefined
Full stack: LoginManagerParent.updateLoginAnchor<@resource://gre/modules/LoginManagerParent.jsm:610:5
TaskImpl_run@resource://gre/modules/Task.jsm:315:40
TaskImpl@resource://gre/modules/Task.jsm:276:3
createAsyncFunction/asyncFunction@resource://gre/modules/Task.jsm:250:14
updateLoginFormPresence/state.anchorDeferredTask<@resource://gre/modules/LoginManagerParent.jsm:598:15
createAsyncFunction/asyncFunction@resource://gre/modules/Task.jsm:239:18
Task_spawn@resource://gre/modules/Task.jsm:164:12
this.DeferredTask.prototype._timerCallback/<@resource://gre/modules/DeferredTask.jsm:282:13
TaskImpl_run@resource://gre/modules/Task.jsm:315:40
TaskImpl@resource://gre/modules/Task.jsm:276:3
createAsyncFunction/asyncFunction@resource://gre/modules/Task.jsm:250:14
Task_spawn@resource://gre/modules/Task.jsm:164:12
this.DeferredTask.prototype._timerCallback@resource://gre/modules/DeferredTask.jsm:280:29
openModalWindow@resource://gre/components/nsPrompter.js:360:5
ModalPrompter.prototype.openPrompt@resource://gre/components/nsPrompter.js:550:9
ModalPrompter.prototype.confirmEx@resource://gre/components/nsPrompter.js:694:9
Prompter.prototype.confirmEx@resource://gre/components/nsPrompter.js:79:16
DefaultBrowserCheck.prompt@resource://app/components/nsBrowserGlue.js:2958:16
BG__onWindowsRestored/<@resource://app/components/nsBrowserGlue.js:1257:11

*************************
*************************
A coding exception was thrown and uncaught in a Task.

Full message: TypeError: Services.logins is undefined
Full stack: LoginManagerParent.updateLoginAnchor<@resource://gre/modules/LoginManagerParent.jsm:610:5
TaskImpl_run@resource://gre/modules/Task.jsm:315:40
TaskImpl@resource://gre/modules/Task.jsm:276:3
createAsyncFunction/asyncFunction@resource://gre/modules/Task.jsm:250:14
updateLoginFormPresence/state.anchorDeferredTask<@resource://gre/modules/LoginManagerParent.jsm:598:15
createAsyncFunction/asyncFunction@resource://gre/modules/Task.jsm:239:18
Task_spawn@resource://gre/modules/Task.jsm:164:12
this.DeferredTask.prototype._timerCallback/<@resource://gre/modules/DeferredTask.jsm:282:13
TaskImpl_run@resource://gre/modules/Task.jsm:315:40
TaskImpl@resource://gre/modules/Task.jsm:276:3
createAsyncFunction/asyncFunction@resource://gre/modules/Task.jsm:250:14
Task_spawn@resource://gre/modules/Task.jsm:164:12
this.DeferredTask.prototype._timerCallback@resource://gre/modules/DeferredTask.jsm:280:29

*************************

Build info: version: '2.53.1', revision: 'a36b8b1cd5757287168e54b817830adce9b0158d', time: '2016-06-30 19:26:09'
System info: host: 'DESKTOP-0KDP1L5', ip: '192.168.43.27', os.name: 'Windows 10', os.arch: 'amd64', os.version: '10.0', java.version: '1.8.0_144'
Driver info: driver.version: FirefoxDriver
	at org.openqa.selenium.firefox.internal.NewProfileExtensionConnection.start(NewProfileExtensionConnection.java:125)
	at org.openqa.selenium.firefox.FirefoxDriver.startClient(FirefoxDriver.java:271)
	at org.openqa.selenium.remote.RemoteWebDriver.<init>(RemoteWebDriver.java:119)
	at org.openqa.selenium.firefox.FirefoxDriver.<init>(FirefoxDriver.java:216)
	at org.openqa.selenium.firefox.FirefoxDriver.<init>(FirefoxDriver.java:211)
	at org.openqa.selenium.firefox.FirefoxDriver.<init>(FirefoxDriver.java:207)
	at org.openqa.selenium.firefox.FirefoxDriver.<init>(FirefoxDriver.java:120)
	at com.scp.utilities.GenericMethods.initilizeWebDriver(GenericMethods.java:28)
	at com.scp.selenium.SeleniumSamples.PracticeFormTest.fillPracticeForm(PracticeFormTest.java:22)
	at sun.reflect.NativeMethodAccessorImpl.invoke0(Native Method)
	at sun.reflect.NativeMethodAccessorImpl.invoke(NativeMethodAccessorImpl.java:62)
	at sun.reflect.DelegatingMethodAccessorImpl.invoke(DelegatingMethodAccessorImpl.java:43)
	at java.lang.reflect.Method.invoke(Method.java:498)
	at org.testng.internal.MethodInvocationHelper.invokeMethod(MethodInvocationHelper.java:86)
	at org.testng.internal.Invoker.invokeMethod(Invoker.java:643)
	at org.testng.internal.Invoker.invokeTestMethod(Invoker.java:820)
	at org.testng.internal.Invoker.invokeTestMethods(Invoker.java:1128)
	at org.testng.internal.TestMethodWorker.invokeTestMethods(TestMethodWorker.java:129)
	at org.testng.internal.TestMethodWorker.run(TestMethodWorker.java:112)
	at org.testng.TestRunner.privateRun(TestRunner.java:782)
	at org.testng.TestRunner.run(TestRunner.java:632)
	at org.testng.SuiteRunner.runTest(SuiteRunner.java:366)
	at org.testng.SuiteRunner.runSequentially(SuiteRunner.java:361)
	at org.testng.SuiteRunner.privateRun(SuiteRunner.java:319)
	at org.testng.SuiteRunner.run(SuiteRunner.java:268)
	at org.testng.SuiteRunnerWorker.runSuite(SuiteRunnerWorker.java:52)
	at org.testng.SuiteRunnerWorker.run(SuiteRunnerWorker.java:86)
	at org.testng.TestNG.runSuitesSequentially(TestNG.java:1244)
	at org.testng.TestNG.runSuitesLocally(TestNG.java:1169)
	at org.testng.TestNG.run(TestNG.java:1064)
	at org.testng.remote.AbstractRemoteTestNG.run(AbstractRemoteTestNG.java:126)
	at org.testng.remote.RemoteTestNG.initAndRun(RemoteTestNG.java:152)
	at org.testng.remote.RemoteTestNG.main(RemoteTestNG.java:57)
Caused by: org.openqa.selenium.firefox.NotConnectedException: Unable to connect to host 127.0.0.1 on port 7055 after 45000 ms. Firefox console output:
*************************
A coding exception was thrown and uncaught in a Task.

Full message: TypeError: Services.logins is undefined
Full stack: LoginManagerParent.updateLoginAnchor<@resource://gre/modules/LoginManagerParent.jsm:610:5
TaskImpl_run@resource://gre/modules/Task.jsm:315:40
TaskImpl@resource://gre/modules/Task.jsm:276:3
createAsyncFunction/asyncFunction@resource://gre/modules/Task.jsm:250:14
updateLoginFormPresence/state.anchorDeferredTask<@resource://gre/modules/LoginManagerParent.jsm:598:15
createAsyncFunction/asyncFunction@resource://gre/modules/Task.jsm:239:18
Task_spawn@resource://gre/modules/Task.jsm:164:12
this.DeferredTask.prototype._timerCallback/<@resource://gre/modules/DeferredTask.jsm:282:13
TaskImpl_run@resource://gre/modules/Task.jsm:315:40
TaskImpl@resource://gre/modules/Task.jsm:276:3
createAsyncFunction/asyncFunction@resource://gre/modules/Task.jsm:250:14
Task_spawn@resource://gre/modules/Task.jsm:164:12
this.DeferredTask.prototype._timerCallback@resource://gre/modules/DeferredTask.jsm:280:29
openModalWindow@resource://gre/components/nsPrompter.js:360:5
ModalPrompter.prototype.openPrompt@resource://gre/components/nsPrompter.js:550:9
ModalPrompter.prototype.confirmEx@resource://gre/components/nsPrompter.js:694:9
Prompter.prototype.confirmEx@resource://gre/components/nsPrompter.js:79:16
DefaultBrowserCheck.prompt@resource://app/components/nsBrowserGlue.js:2958:16
BG__onWindowsRestored/<@resource://app/components/nsBrowserGlue.js:1257:11

*************************
*************************
A coding exception was thrown and uncaught in a Task.

Full message: TypeError: Services.logins is undefined
Full stack: LoginManagerParent.updateLoginAnchor<@resource://gre/modules/LoginManagerParent.jsm:610:5
TaskImpl_run@resource://gre/modules/Task.jsm:315:40
TaskImpl@resource://gre/modules/Task.jsm:276:3
createAsyncFunction/asyncFunction@resource://gre/modules/Task.jsm:250:14
updateLoginFormPresence/state.anchorDeferredTask<@resource://gre/modules/LoginManagerParent.jsm:598:15
createAsyncFunction/asyncFunction@resource://gre/modules/Task.jsm:239:18
Task_spawn@resource://gre/modules/Task.jsm:164:12
this.DeferredTask.prototype._timerCallback/<@resource://gre/modules/DeferredTask.jsm:282:13
TaskImpl_run@resource://gre/modules/Task.jsm:315:40
TaskImpl@resource://gre/modules/Task.jsm:276:3
createAsyncFunction/asyncFunction@resource://gre/modules/Task.jsm:250:14
Task_spawn@resource://gre/modules/Task.jsm:164:12
this.DeferredTask.prototype._timerCallback@resource://gre/modules/DeferredTask.jsm:280:29

*************************

	at org.openqa.selenium.firefox.internal.NewProfileExtensionConnection.start(NewProfileExtensionConnection.java:113)
	... 32 more
]]>
    </error>
  </testcase> <!-- fillPracticeForm -->
</testsuite> <!-- com.scp.selenium.SeleniumSamples.PracticeFormTest -->
